# JRE version: Java(TM) SE Runtime Environment (8.0_51-b16) (build 1.8.0_51-b16)
# Java VM: Java HotSpot(TM) 64-Bit Server VM (25.51-b03 mixed mode bsd-amd64 compressed oops)
Heap:
 PSYoungGen      total 26112K, used 22688K [0x0000000795580000, 0x0000000797100000, 0x00000007c0000000)
  eden space 24064K, 87% used [0x0000000795580000,0x0000000796a0d9a0,0x0000000796d00000)
  from space 2048K, 80% used [0x0000000796f00000,0x000000079709aa50,0x0000000797100000)
  to   space 2048K, 0% used [0x0000000796d00000,0x0000000796d00000,0x0000000796f00000)
 ParOldGen       total 87552K, used 15744K [0x0000000740000000, 0x0000000745580000, 0x0000000795580000)
  object space 87552K, 17% used [0x0000000740000000,0x0000000740f60250,0x0000000745580000)
 Metaspace       used 15215K, capacity 16012K, committed 16128K, reserved 1062912K
  class space    used 2035K, capacity 2203K, committed 2304K, reserved 1048576K
GC Heap History (10 events):
Event: 504.480 GC heap before
{Heap before GC invocations=108 (full 0):
 PSYoungGen      total 26112K, used 25433K [0x0000000795580000, 0x0000000797100000, 0x00000007c0000000)
  eden space 24064K, 99% used [0x0000000795580000,0x0000000796cc4bd0,0x0000000796d00000)
  from space 2048K, 78% used [0x0000000796d00000,0x0000000796e91b50,0x0000000796f00000)
  to   space 2048K, 0% used [0x0000000796f00000,0x0000000796f00000,0x0000000797100000)
 ParOldGen       total 87552K, used 15744K [0x0000000740000000, 0x0000000745580000, 0x0000000795580000)
  object space 87552K, 17% used [0x0000000740000000,0x0000000740f60250,0x0000000745580000)
 Metaspace       used 15215K, capacity 16012K, committed 16128K, reserved 1062912K
  class space    used 2035K, capacity 2203K, committed 2304K, reserved 1048576K
Event: 504.482 GC heap after
Heap after GC invocations=108 (full 0):
 PSYoungGen      total 26112K, used 1614K [0x0000000795580000, 0x0000000797100000, 0x00000007c0000000)
  eden space 24064K, 0% used [0x0000000795580000,0x0000000795580000,0x0000000796d00000)
  from space 2048K, 78% used [0x0000000796f00000,0x0000000797093850,0x0000000797100000)
  to   space 2048K, 0% used [0x0000000796d00000,0x0000000796d00000,0x0000000796f00000)
 ParOldGen       total 87552K, used 15744K [0x0000000740000000, 0x0000000745580000, 0x0000000795580000)
  object space 87552K, 17% used [0x0000000740000000,0x0000000740f60250,0x0000000745580000)
 Metaspace       used 15215K, capacity 16012K, committed 16128K, reserved 1062912K
  class space    used 2035K, capacity 2203K, committed 2304K, reserved 1048576K
}
Event: 506.481 GC heap before
{Heap before GC invocations=109 (full 0):
 PSYoungGen      total 26112K, used 25546K [0x0000000795580000, 0x0000000797100000, 0x00000007c0000000)
  eden space 24064K, 99% used [0x0000000795580000,0x0000000796cdf070,0x0000000796d00000)
  from space 2048K, 78% used [0x0000000796f00000,0x0000000797093850,0x0000000797100000)
  to   space 2048K, 0% used [0x0000000796d00000,0x0000000796d00000,0x0000000796f00000)
 ParOldGen       total 87552K, used 15744K [0x0000000740000000, 0x0000000745580000, 0x0000000795580000)
  object space 87552K, 17% used [0x0000000740000000,0x0000000740f60250,0x0000000745580000)
 Metaspace       used 15215K, capacity 16012K, committed 16128K, reserved 1062912K
  class space    used 2035K, capacity 2203K, committed 2304K, reserved 1048576K
Event: 506.483 GC heap after
Heap after GC invocations=109 (full 0):
 PSYoungGen      total 26112K, used 1621K [0x0000000795580000, 0x0000000797100000, 0x00000007c0000000)
  eden space 24064K, 0% used [0x0000000795580000,0x0000000795580000,0x0000000796d00000)
  from space 2048K, 79% used [0x0000000796d00000,0x0000000796e95550,0x0000000796f00000)
  to   space 2048K, 0% used [0x0000000796f00000,0x0000000796f00000,0x0000000797100000)
 ParOldGen       total 87552K, used 15744K [0x0000000740000000, 0x0000000745580000, 0x0000000795580000)
  object space 87552K, 17% used [0x0000000740000000,0x0000000740f60250,0x0000000745580000)
 Metaspace       used 15215K, capacity 16012K, committed 16128K, reserved 1062912K
  class space    used 2035K, capacity 2203K, committed 2304K, reserved 1048576K
}
Event: 508.541 GC heap before
{Heap before GC invocations=110 (full 0):
 PSYoungGen      total 26112K, used 25658K [0x0000000795580000, 0x0000000797100000, 0x00000007c0000000)
  eden space 24064K, 99% used [0x0000000795580000,0x0000000796cf9510,0x0000000796d00000)
  from space 2048K, 79% used [0x0000000796d00000,0x0000000796e95550,0x0000000796f00000)
  to   space 2048K, 0% used [0x0000000796f00000,0x0000000796f00000,0x0000000797100000)
 ParOldGen       total 87552K, used 15744K [0x0000000740000000, 0x0000000745580000, 0x0000000795580000)
  object space 87552K, 17% used [0x0000000740000000,0x0000000740f60250,0x0000000745580000)
 Metaspace       used 15215K, capacity 16012K, committed 16128K, reserved 1062912K
  class space    used 2035K, capacity 2203K, committed 2304K, reserved 1048576K
Event: 508.543 GC heap after
Heap after GC invocations=110 (full 0):
 PSYoungGen      total 26112K, used 1628K [0x0000000795580000, 0x0000000797100000, 0x00000007c0000000)
  eden space 24064K, 0% used [0x0000000795580000,0x0000000795580000,0x0000000796d00000)
  from space 2048K, 79% used [0x0000000796f00000,0x0000000797097250,0x0000000797100000)
  to   space 2048K, 0% used [0x0000000796d00000,0x0000000796d00000,0x0000000796f00000)
 ParOldGen       total 87552K, used 15744K [0x0000000740000000, 0x0000000745580000, 0x0000000795580000)
  object space 87552K, 17% used [0x0000000740000000,0x0000000740f60250,0x0000000745580000)
 Metaspace       used 15215K, capacity 16012K, committed 16128K, reserved 1062912K
  class space    used 2035K, capacity 2203K, committed 2304K, reserved 1048576K
}
Event: 510.520 GC heap before
{Heap before GC invocations=111 (full 0):
 PSYoungGen      total 26112K, used 24953K [0x0000000795580000, 0x0000000797100000, 0x00000007c0000000)
  eden space 24064K, 96% used [0x0000000795580000,0x0000000796c47210,0x0000000796d00000)
  from space 2048K, 79% used [0x0000000796f00000,0x0000000797097250,0x0000000797100000)
  to   space 2048K, 0% used [0x0000000796d00000,0x0000000796d00000,0x0000000796f00000)
 ParOldGen       total 87552K, used 15744K [0x0000000740000000, 0x0000000745580000, 0x0000000795580000)
  object space 87552K, 17% used [0x0000000740000000,0x0000000740f60250,0x0000000745580000)
 Metaspace       used 15215K, capacity 16012K, committed 16128K, reserved 1062912K
  class space    used 2035K, capacity 2203K, committed 2304K, reserved 1048576K
Event: 510.522 GC heap after
Heap after GC invocations=111 (full 0):
 PSYoungGen      total 26112K, used 1635K [0x0000000795580000, 0x0000000797100000, 0x00000007c0000000)
  eden space 24064K, 0% used [0x0000000795580000,0x0000000795580000,0x0000000796d00000)
  from space 2048K, 79% used [0x0000000796d00000,0x0000000796e98e50,0x0000000796f00000)
  to   space 2048K, 0% used [0x0000000796f00000,0x0000000796f00000,0x0000000797100000)
 ParOldGen       total 87552K, used 15744K [0x0000000740000000, 0x0000000745580000, 0x0000000795580000)
  object space 87552K, 17% used [0x0000000740000000,0x0000000740f60250,0x0000000745580000)
 Metaspace       used 15215K, capacity 16012K, committed 16128K, reserved 1062912K
  class space    used 2035K, capacity 2203K, committed 2304K, reserved 1048576K
}
Event: 512.529 GC heap before
{Heap before GC invocations=112 (full 0):
 PSYoungGen      total 26112K, used 25058K [0x0000000795580000, 0x0000000797100000, 0x00000007c0000000)
  eden space 24064K, 97% used [0x0000000795580000,0x0000000796c5f9b8,0x0000000796d00000)
  from space 2048K, 79% used [0x0000000796d00000,0x0000000796e98e50,0x0000000796f00000)
  to   space 2048K, 0% used [0x0000000796f00000,0x0000000796f00000,0x0000000797100000)
 ParOldGen       total 87552K, used 15744K [0x0000000740000000, 0x0000000745580000, 0x0000000795580000)
  object space 87552K, 17% used [0x0000000740000000,0x0000000740f60250,0x0000000745580000)
 Metaspace       used 15215K, capacity 16012K, committed 16128K, reserved 1062912K
  class space    used 2035K, capacity 2203K, committed 2304K, reserved 1048576K
Event: 512.531 GC heap after
Heap after GC invocations=112 (full 0):
 PSYoungGen      total 26112K, used 1642K [0x0000000795580000, 0x0000000797100000, 0x00000007c0000000)
  eden space 24064K, 0% used [0x0000000795580000,0x0000000795580000,0x0000000796d00000)
  from space 2048K, 80% used [0x0000000796f00000,0x000000079709aa50,0x0000000797100000)
  to   space 2048K, 0% used [0x0000000796d00000,0x0000000796d00000,0x0000000796f00000)
 ParOldGen       total 87552K, used 15744K [0x0000000740000000, 0x0000000745580000, 0x0000000795580000)
  object space 87552K, 17% used [0x0000000740000000,0x0000000740f60250,0x0000000745580000)
 Metaspace       used 15215K, capacity 16012K, committed 16128K, reserved 1062912K
  class space    used 2035K, capacity 2203K, committed 2304K, reserved 1048576K
}

